[debug] [2023-05-24T16:33:43.421Z] ----------------------------------------------------------------------
[debug] [2023-05-24T16:33:43.422Z] Command:       /opt/homebrew/Cellar/node/20.1.0/bin/node /opt/homebrew/bin/firebase init
[debug] [2023-05-24T16:33:43.423Z] CLI Version:   12.2.0
[debug] [2023-05-24T16:33:43.423Z] Platform:      darwin
[debug] [2023-05-24T16:33:43.423Z] Node Version:  v20.1.0
[debug] [2023-05-24T16:33:43.423Z] Time:          Wed May 24 2023 22:03:43 GMT+0530 (India Standard Time)
[debug] [2023-05-24T16:33:43.423Z] ----------------------------------------------------------------------
[debug] 
[debug] [2023-05-24T16:33:43.426Z] > command requires scopes: ["email","openid","https://www.googleapis.com/auth/cloudplatformprojects.readonly","https://www.googleapis.com/auth/firebase","https://www.googleapis.com/auth/cloud-platform"]
[debug] [2023-05-24T16:33:43.426Z] > authorizing via signed-in user (cloudrelocations@gmail.com)
[info] 
     ######## #### ########  ######## ########     ###     ######  ########
     ##        ##  ##     ## ##       ##     ##  ##   ##  ##       ##
     ######    ##  ########  ######   ########  #########  ######  ######
     ##        ##  ##    ##  ##       ##     ## ##     ##       ## ##
     ##       #### ##     ## ######## ########  ##     ##  ######  ########

You're about to initialize a Firebase project in this directory:

  /Users/mrutyunjayapatra/Documents/ReactJs/cloudrelocation

[info] 
=== Project Setup
[info] 
[info] First, let's associate this project directory with a Firebase project.
[info] You can create multiple project aliases by running firebase use --add, 
[info] but for now we'll just set up a default project.
[info] 
[debug] [2023-05-24T16:33:50.076Z] >>> [apiv2][query] GET https://firebase.googleapis.com/v1beta1/projects pageSize=100
[debug] [2023-05-24T16:33:51.271Z] <<< [apiv2][status] GET https://firebase.googleapis.com/v1beta1/projects 200
[debug] [2023-05-24T16:33:51.271Z] <<< [apiv2][body] GET https://firebase.googleapis.com/v1beta1/projects [omitted]
[info] i  Using project cloud-relocations (cloudrelocations) 
[info] 
=== Hosting Setup
[info] 
[info] Your public directory is the folder (relative to your project directory) that
[info] will contain Hosting assets to be uploaded with firebase deploy. If you
[info] have a build process for your assets, use your build's output directory.
[info] 
